  main.cpp
c:\users\40284094\desktop\physics_finalproject\final project part 1 and 2\main.cpp(132): warning C4244: 'initializing': conversion from 'float' to 'int', possible loss of data
c:\users\40284094\desktop\physics_finalproject\final project part 1 and 2\main.cpp(133): warning C4244: 'initializing': conversion from 'float' to 'int', possible loss of data
c:\users\40284094\desktop\physics_finalproject\final project part 1 and 2\main.cpp(142): warning C4244: 'initializing': conversion from 'float' to 'int', possible loss of data
c:\users\40284094\desktop\physics_finalproject\final project part 1 and 2\main.cpp(143): warning C4244: 'initializing': conversion from 'float' to 'int', possible loss of data
LINK : warning LNK4098: defaultlib 'LIBCMT' conflicts with use of other libs; use /NODEFAULTLIB:library
LINK : warning LNK4098: defaultlib 'MSVCRT' conflicts with use of other libs; use /NODEFAULTLIB:library
  Generating code
  1 of 1429 functions (<0.1%) were compiled, the rest were copied from previous compilation.
    0 functions were new in current compilation
    0 functions had inline decision re-evaluated but remain unchanged
  Finished generating code
Mesh.obj : warning LNK4049: locally defined symbol ___glewGenBuffers imported
Mesh.obj : warning LNK4049: locally defined symbol ___glewGenVertexArrays imported
Mesh.obj : warning LNK4049: locally defined symbol ___glewBufferData imported
Mesh.obj : warning LNK4049: locally defined symbol ___glewBindBuffer imported
Mesh.obj : warning LNK4049: locally defined symbol ___glewVertexAttribPointer imported
Mesh.obj : warning LNK4049: locally defined symbol ___glewBindVertexArray imported
Mesh.obj : warning LNK4049: locally defined symbol ___glewEnableVertexAttribArray imported
glew32s.lib(glew.obj) : warning LNK4099: PDB 'vc120.pdb' was not found with 'glew32s.lib(glew.obj)' or at 'C:\Users\40284094\Desktop\Physics_FinalProject\Final Project Part 1 and 2\Release\vc120.pdb'; linking object as if no debug info
  simulation.vcxproj -> C:\Users\40284094\Desktop\Physics_FinalProject\Final Project Part 1 and 2\Release\simulation.exe
