c:\users\marcos\desktop\physics_practicals\final project part 3\debug\vc141.pdb
c:\users\marcos\desktop\physics_practicals\final project part 3\debug\vc141.idb
c:\users\marcos\desktop\physics_practicals\final project part 3\debug\sphere.obj
c:\users\marcos\desktop\physics_practicals\final project part 3\debug\rigidbody.obj
c:\users\marcos\desktop\physics_practicals\final project part 3\debug\particle.obj
c:\users\marcos\desktop\physics_practicals\final project part 3\debug\objloader.obj
c:\users\marcos\desktop\physics_practicals\final project part 3\debug\mesh.obj
c:\users\marcos\desktop\physics_practicals\final project part 3\debug\main.obj
c:\users\marcos\desktop\physics_practicals\final project part 3\debug\force.obj
c:\users\marcos\desktop\physics_practicals\final project part 3\debug\body.obj
c:\users\marcos\desktop\physics_practicals\final project part 3\debug\application.obj
c:\users\marcos\desktop\physics_practicals\final project part 3\debug\simulation.pdb
c:\users\marcos\desktop\physics_practicals\final project part 3\debug\simulation.tlog\cl.command.1.tlog
c:\users\marcos\desktop\physics_practicals\final project part 3\debug\simulation.tlog\cl.read.1.tlog
c:\users\marcos\desktop\physics_practicals\final project part 3\debug\simulation.tlog\cl.write.1.tlog
c:\users\marcos\desktop\physics_practicals\final project part 3\debug\simulation.tlog\link-cvtres.read.1.tlog
c:\users\marcos\desktop\physics_practicals\final project part 3\debug\simulation.tlog\link-cvtres.write.1.tlog
c:\users\marcos\desktop\physics_practicals\final project part 3\debug\simulation.tlog\link-rc.read.1.tlog
c:\users\marcos\desktop\physics_practicals\final project part 3\debug\simulation.tlog\link-rc.write.1.tlog
c:\users\marcos\desktop\physics_practicals\final project part 3\debug\simulation.tlog\link.11568-cvtres.read.1.tlog
c:\users\marcos\desktop\physics_practicals\final project part 3\debug\simulation.tlog\link.11568-cvtres.write.1.tlog
c:\users\marcos\desktop\physics_practicals\final project part 3\debug\simulation.tlog\link.11568-rc.read.1.tlog
c:\users\marcos\desktop\physics_practicals\final project part 3\debug\simulation.tlog\link.11568-rc.write.1.tlog
c:\users\marcos\desktop\physics_practicals\final project part 3\debug\simulation.tlog\link.11568.read.1.tlog
c:\users\marcos\desktop\physics_practicals\final project part 3\debug\simulation.tlog\link.11568.write.1.tlog
c:\users\marcos\desktop\physics_practicals\final project part 3\debug\simulation.tlog\link.command.1.tlog
c:\users\marcos\desktop\physics_practicals\final project part 3\debug\simulation.tlog\link.read.1.tlog
c:\users\marcos\desktop\physics_practicals\final project part 3\debug\simulation.tlog\link.write.1.tlog
